19/12/2013 12:19:44 [Hermes ThreadPool-3] com.ibm.msg.client.wmq.internal.WMQConnection
Exception ignored as no exception listener is registered: '
                       Message : com.ibm.msg.client.jms.DetailedJMSException: JMSWMQ1107: A problem with this connection has occurred. An error has occurred with the WebSphere MQ JMS connection. Use the linked exception to determine the cause of this error.
                         Class : class com.ibm.msg.client.jms.DetailedJMSException
                         Stack : com.ibm.msg.client.wmq.common.internal.Reason.reasonToException(Reason.java:608)
                               : com.ibm.msg.client.wmq.common.internal.Reason.createException(Reason.java:236)
                               : com.ibm.msg.client.wmq.internal.WMQMessageConsumer.checkJmqiCallSuccess(WMQMessageConsumer.java:117)
                               : com.ibm.msg.client.wmq.internal.WMQConsumerShadow.getMsg(WMQConsumerShadow.java:1198)
                               : com.ibm.msg.client.wmq.internal.WMQSyncConsumerShadow.receiveInternal(WMQSyncConsumerShadow.java:233)
                               : com.ibm.msg.client.wmq.internal.WMQConsumerShadow.receive(WMQConsumerShadow.java:922)
                               : com.ibm.msg.client.wmq.internal.WMQQueueEnumeration.retrieveMessage(WMQQueueEnumeration.java:347)
                               : com.ibm.msg.client.wmq.internal.WMQQueueEnumeration.hasMoreElements(WMQQueueEnumeration.java:269)
                               : com.ibm.msg.client.jms.internal.JmsQueueBrowserImpl$JmsEnumImpl.hasMoreElements(JmsQueueBrowserImpl.java:361)
                               : com.ibm.mq.jms.MQQueueEnumeration.hasMoreElements(MQQueueEnumeration.java:92)
                               : hermes.browser.tasks.BrowseDestinationTask.invoke(BrowseDestinationTask.java:127)
                               : hermes.browser.tasks.TaskSupport.run(TaskSupport.java:175)
                               : hermes.browser.tasks.ThreadPool.run(ThreadPool.java:170)
                               : java.lang.Thread.run(Thread.java:662)
     Caused by [1] --> Message : com.ibm.mq.MQException: JMSCMQ0001: WebSphere MQ call failed with compcode '2' ('MQCC_FAILED') reason '2195' ('MQRC_UNEXPECTED_ERROR').
                         Class : class com.ibm.mq.MQException
                         Stack : com.ibm.msg.client.wmq.common.internal.Reason.createException(Reason.java:223)
                               : com.ibm.msg.client.wmq.internal.WMQMessageConsumer.checkJmqiCallSuccess(WMQMessageConsumer.java:117)
                               : com.ibm.msg.client.wmq.internal.WMQConsumerShadow.getMsg(WMQConsumerShadow.java:1198)
                               : com.ibm.msg.client.wmq.internal.WMQSyncConsumerShadow.receiveInternal(WMQSyncConsumerShadow.java:233)
                               : com.ibm.msg.client.wmq.internal.WMQConsumerShadow.receive(WMQConsumerShadow.java:922)
                               : com.ibm.msg.client.wmq.internal.WMQQueueEnumeration.retrieveMessage(WMQQueueEnumeration.java:347)
                               : com.ibm.msg.client.wmq.internal.WMQQueueEnumeration.hasMoreElements(WMQQueueEnumeration.java:269)
                               : com.ibm.msg.client.jms.internal.JmsQueueBrowserImpl$JmsEnumImpl.hasMoreElements(JmsQueueBrowserImpl.java:361)
                               : com.ibm.mq.jms.MQQueueEnumeration.hasMoreElements(MQQueueEnumeration.java:92)
                               : hermes.browser.tasks.BrowseDestinationTask.invoke(BrowseDestinationTask.java:127)
                               : hermes.browser.tasks.TaskSupport.run(TaskSupport.java:175)
                               : hermes.browser.tasks.ThreadPool.run(ThreadPool.java:170)
                               : java.lang.Thread.run(Thread.java:662)
     Caused by [2] --> Message : com.ibm.mq.jmqi.JmqiException: CC=2;RC=2495;AMQ8568: The native JNI library 'mqjbnd' was not found. [3=mqjbnd]
                         Class : class com.ibm.mq.jmqi.JmqiException
                         Stack : com.ibm.mq.jmqi.local.LocalMQ$1.run(LocalMQ.java:277)
                               : java.security.AccessController.doPrivileged(AccessController.java:-2)
                               : com.ibm.mq.jmqi.local.LocalMQ.initialise_inner(LocalMQ.java:242)
                               : com.ibm.mq.jmqi.local.LocalMQ.initialise(LocalMQ.java:208)
                               : com.ibm.mq.jmqi.local.LocalMQ.<init>(LocalMQ.java:991)
                               : com.ibm.mq.jmqi.local.LocalServer.<init>(LocalServer.java:173)
                               : sun.reflect.NativeConstructorAccessorImpl.newInstance0(NativeConstructorAccessorImpl.java:-2)
                               : sun.reflect.NativeConstructorAccessorImpl.newInstance(NativeConstructorAccessorImpl.java:39)
                               : sun.reflect.DelegatingConstructorAccessorImpl.newInstance(DelegatingConstructorAccessorImpl.java:27)
                               : java.lang.reflect.Constructor.newInstance(Constructor.java:513)
                               : com.ibm.mq.jmqi.JmqiEnvironment.getInstance(JmqiEnvironment.java:669)
                               : com.ibm.mq.jmqi.JmqiEnvironment.getMQI(JmqiEnvironment.java:605)
                               : com.ibm.mq.jmqi.JmqiEnvironment.getMQI(JmqiEnvironment.java:539)
                               : com.ibm.msg.client.wmq.factories.WMQComponent.getImplementationInfo(WMQComponent.java:175)
                               : com.ibm.msg.client.commonservices.trace.Trace.getVersion(Trace.java:1683)
                               : com.ibm.msg.client.commonservices.trace.Trace.createFFSTString(Trace.java:1641)
                               : com.ibm.msg.client.commonservices.trace.Trace.ffstInternal(Trace.java:1527)
                               : com.ibm.msg.client.commonservices.trace.Trace.ffst(Trace.java:1386)
                               : com.ibm.msg.client.wmq.common.internal.WMQTraceHandler.ffst(WMQTraceHandler.java:700)
                               : com.ibm.mq.jmqi.remote.internal.RemoteFAP.jmqiGetMessage(RemoteFAP.java:5633)
                               : com.ibm.mq.jmqi.internal.JmqiTools.getMessage(JmqiTools.java:1049)
                               : com.ibm.mq.jmqi.remote.internal.RemoteFAP.jmqiGet(RemoteFAP.java:5493)
                               : com.ibm.msg.client.wmq.internal.WMQConsumerShadow.getMsg(WMQConsumerShadow.java:1169)
                               : com.ibm.msg.client.wmq.internal.WMQSyncConsumerShadow.receiveInternal(WMQSyncConsumerShadow.java:233)
                               : com.ibm.msg.client.wmq.internal.WMQConsumerShadow.receive(WMQConsumerShadow.java:922)
                               : com.ibm.msg.client.wmq.internal.WMQQueueEnumeration.retrieveMessage(WMQQueueEnumeration.java:347)
                               : com.ibm.msg.client.wmq.internal.WMQQueueEnumeration.hasMoreElements(WMQQueueEnumeration.java:269)
                               : com.ibm.msg.client.jms.internal.JmsQueueBrowserImpl$JmsEnumImpl.hasMoreElements(JmsQueueBrowserImpl.java:361)
                               : com.ibm.mq.jms.MQQueueEnumeration.hasMoreElements(MQQueueEnumeration.java:92)
                               : hermes.browser.tasks.BrowseDestinationTask.invoke(BrowseDestinationTask.java:127)
                               : hermes.browser.tasks.TaskSupport.run(TaskSupport.java:175)
                               : hermes.browser.tasks.ThreadPool.run(ThreadPool.java:170)
                               : java.lang.Thread.run(Thread.java:662)
     Caused by [3] --> Message : java.lang.UnsatisfiedLinkError: no mqjbnd in java.library.path
                         Class : class java.lang.UnsatisfiedLinkError
                         Stack : java.lang.ClassLoader.loadLibrary(ClassLoader.java:1734)
                               : java.lang.Runtime.loadLibrary0(Runtime.java:823)
                               : java.lang.System.loadLibrary(System.java:1028)
                               : com.ibm.mq.jmqi.local.LocalMQ.loadLib(LocalMQ.java:961)
                               : com.ibm.mq.jmqi.local.LocalMQ$1.run(LocalMQ.java:256)
                               : java.security.AccessController.doPrivileged(AccessController.java:-2)
                               : com.ibm.mq.jmqi.local.LocalMQ.initialise_inner(LocalMQ.java:242)
                               : com.ibm.mq.jmqi.local.LocalMQ.initialise(LocalMQ.java:208)
                               : com.ibm.mq.jmqi.local.LocalMQ.<init>(LocalMQ.java:991)
                               : com.ibm.mq.jmqi.local.LocalServer.<init>(LocalServer.java:173)
                               : sun.reflect.NativeConstructorAccessorImpl.newInstance0(NativeConstructorAccessorImpl.java:-2)
                               : sun.reflect.NativeConstructorAccessorImpl.newInstance(NativeConstructorAccessorImpl.java:39)
                               : sun.reflect.DelegatingConstructorAccessorImpl.newInstance(DelegatingConstructorAccessorImpl.java:27)
                               : java.lang.reflect.Constructor.newInstance(Constructor.java:513)
                               : com.ibm.mq.jmqi.JmqiEnvironment.getInstance(JmqiEnvironment.java:669)
                               : com.ibm.mq.jmqi.JmqiEnvironment.getMQI(JmqiEnvironment.java:605)
                               : com.ibm.mq.jmqi.JmqiEnvironment.getMQI(JmqiEnvironment.java:539)
                               : com.ibm.msg.client.wmq.factories.WMQComponent.getImplementationInfo(WMQComponent.java:175)
                               : com.ibm.msg.client.commonservices.trace.Trace.getVersion(Trace.java:1683)
                               : com.ibm.msg.client.commonservices.trace.Trace.createFFSTString(Trace.java:1641)
                               : com.ibm.msg.client.commonservices.trace.Trace.ffstInternal(Trace.java:1527)
                               : com.ibm.msg.client.commonservices.trace.Trace.ffst(Trace.java:1386)
                               : com.ibm.msg.client.wmq.common.internal.WMQTraceHandler.ffst(WMQTraceHandler.java:700)
                               : com.ibm.mq.jmqi.remote.internal.RemoteFAP.jmqiGetMessage(RemoteFAP.java:5633)
                               : com.ibm.mq.jmqi.internal.JmqiTools.getMessage(JmqiTools.java:1049)
                               : com.ibm.mq.jmqi.remote.internal.RemoteFAP.jmqiGet(RemoteFAP.java:5493)
                               : com.ibm.msg.client.wmq.internal.WMQConsumerShadow.getMsg(WMQConsumerShadow.java:1169)
                               : com.ibm.msg.client.wmq.internal.WMQSyncConsumerShadow.receiveInternal(WMQSyncConsumerShadow.java:233)
                               : com.ibm.msg.client.wmq.internal.WMQConsumerShadow.receive(WMQConsumerShadow.java:922)
                               : com.ibm.msg.client.wmq.internal.WMQQueueEnumeration.retrieveMessage(WMQQueueEnumeration.java:347)
                               : com.ibm.msg.client.wmq.internal.WMQQueueEnumeration.hasMoreElements(WMQQueueEnumeration.java:269)
                               : com.ibm.msg.client.jms.internal.JmsQueueBrowserImpl$JmsEnumImpl.hasMoreElements(JmsQueueBrowserImpl.java:361)
                               : com.ibm.mq.jms.MQQueueEnumeration.hasMoreElements(MQQueueEnumeration.java:92)
                               : hermes.browser.tasks.BrowseDestinationTask.invoke(BrowseDestinationTask.java:127)
                               : hermes.browser.tasks.TaskSupport.run(TaskSupport.java:175)
                               : hermes.browser.tasks.ThreadPool.run(ThreadPool.java:170)
                               : java.lang.Thread.run(Thread.java:662)
'

EXPLANATION:
An attempt was made to deliver an exception to the connections exception listener but a listener has not been registered

ACTION:
An exception listener must be registered with the connection to receive its exceptions
--------------------------------------------------------------------
19/12/2013 15:50:53 [Hermes ThreadPool-1] com.ibm.msg.client.wmq.internal.WMQConnection
Exception ignored as no exception listener is registered: '
                       Message : com.ibm.msg.client.jms.DetailedJMSException: JMSWMQ1107: A problem with this connection has occurred. An error has occurred with the WebSphere MQ JMS connection. Use the linked exception to determine the cause of this error.
                         Class : class com.ibm.msg.client.jms.DetailedJMSException
                         Stack : com.ibm.msg.client.wmq.common.internal.Reason.reasonToException(Reason.java:608)
                               : com.ibm.msg.client.wmq.common.internal.Reason.createException(Reason.java:236)
                               : com.ibm.msg.client.wmq.internal.WMQMessageConsumer.checkJmqiCallSuccess(WMQMessageConsumer.java:117)
                               : com.ibm.msg.client.wmq.internal.WMQConsumerShadow.getMsg(WMQConsumerShadow.java:1198)
                               : com.ibm.msg.client.wmq.internal.WMQSyncConsumerShadow.receiveInternal(WMQSyncConsumerShadow.java:233)
                               : com.ibm.msg.client.wmq.internal.WMQConsumerShadow.receive(WMQConsumerShadow.java:922)
                               : com.ibm.msg.client.wmq.internal.WMQQueueEnumeration.retrieveMessage(WMQQueueEnumeration.java:347)
                               : com.ibm.msg.client.wmq.internal.WMQQueueEnumeration.hasMoreElements(WMQQueueEnumeration.java:269)
                               : com.ibm.msg.client.jms.internal.JmsQueueBrowserImpl$JmsEnumImpl.hasMoreElements(JmsQueueBrowserImpl.java:361)
                               : com.ibm.mq.jms.MQQueueEnumeration.hasMoreElements(MQQueueEnumeration.java:92)
                               : hermes.browser.tasks.BrowseDestinationTask.invoke(BrowseDestinationTask.java:127)
                               : hermes.browser.tasks.TaskSupport.run(TaskSupport.java:175)
                               : hermes.browser.tasks.ThreadPool.run(ThreadPool.java:170)
                               : java.lang.Thread.run(Thread.java:662)
     Caused by [1] --> Message : com.ibm.mq.MQException: JMSCMQ0001: WebSphere MQ call failed with compcode '2' ('MQCC_FAILED') reason '2195' ('MQRC_UNEXPECTED_ERROR').
                         Class : class com.ibm.mq.MQException
                         Stack : com.ibm.msg.client.wmq.common.internal.Reason.createException(Reason.java:223)
                               : com.ibm.msg.client.wmq.internal.WMQMessageConsumer.checkJmqiCallSuccess(WMQMessageConsumer.java:117)
                               : com.ibm.msg.client.wmq.internal.WMQConsumerShadow.getMsg(WMQConsumerShadow.java:1198)
                               : com.ibm.msg.client.wmq.internal.WMQSyncConsumerShadow.receiveInternal(WMQSyncConsumerShadow.java:233)
                               : com.ibm.msg.client.wmq.internal.WMQConsumerShadow.receive(WMQConsumerShadow.java:922)
                               : com.ibm.msg.client.wmq.internal.WMQQueueEnumeration.retrieveMessage(WMQQueueEnumeration.java:347)
                               : com.ibm.msg.client.wmq.internal.WMQQueueEnumeration.hasMoreElements(WMQQueueEnumeration.java:269)
                               : com.ibm.msg.client.jms.internal.JmsQueueBrowserImpl$JmsEnumImpl.hasMoreElements(JmsQueueBrowserImpl.java:361)
                               : com.ibm.mq.jms.MQQueueEnumeration.hasMoreElements(MQQueueEnumeration.java:92)
                               : hermes.browser.tasks.BrowseDestinationTask.invoke(BrowseDestinationTask.java:127)
                               : hermes.browser.tasks.TaskSupport.run(TaskSupport.java:175)
                               : hermes.browser.tasks.ThreadPool.run(ThreadPool.java:170)
                               : java.lang.Thread.run(Thread.java:662)
     Caused by [2] --> Message : com.ibm.mq.jmqi.JmqiException: CC=2;RC=2495;AMQ8568: The native JNI library 'mqjbnd' was not found. [3=mqjbnd]
                         Class : class com.ibm.mq.jmqi.JmqiException
                         Stack : com.ibm.mq.jmqi.local.LocalMQ$1.run(LocalMQ.java:277)
                               : java.security.AccessController.doPrivileged(AccessController.java:-2)
                               : com.ibm.mq.jmqi.local.LocalMQ.initialise_inner(LocalMQ.java:242)
                               : com.ibm.mq.jmqi.local.LocalMQ.initialise(LocalMQ.java:208)
                               : com.ibm.mq.jmqi.local.LocalMQ.<init>(LocalMQ.java:991)
                               : com.ibm.mq.jmqi.local.LocalServer.<init>(LocalServer.java:173)
                               : sun.reflect.NativeConstructorAccessorImpl.newInstance0(NativeConstructorAccessorImpl.java:-2)
                               : sun.reflect.NativeConstructorAccessorImpl.newInstance(NativeConstructorAccessorImpl.java:39)
                               : sun.reflect.DelegatingConstructorAccessorImpl.newInstance(DelegatingConstructorAccessorImpl.java:27)
                               : java.lang.reflect.Constructor.newInstance(Constructor.java:513)
                               : com.ibm.mq.jmqi.JmqiEnvironment.getInstance(JmqiEnvironment.java:669)
                               : com.ibm.mq.jmqi.JmqiEnvironment.getMQI(JmqiEnvironment.java:605)
                               : com.ibm.mq.jmqi.JmqiEnvironment.getMQI(JmqiEnvironment.java:539)
                               : com.ibm.msg.client.wmq.factories.WMQComponent.getImplementationInfo(WMQComponent.java:175)
                               : com.ibm.msg.client.commonservices.trace.Trace.getVersion(Trace.java:1683)
                               : com.ibm.msg.client.commonservices.trace.Trace.createFFSTString(Trace.java:1641)
                               : com.ibm.msg.client.commonservices.trace.Trace.ffstInternal(Trace.java:1527)
                               : com.ibm.msg.client.commonservices.trace.Trace.ffst(Trace.java:1386)
                               : com.ibm.msg.client.wmq.common.internal.WMQTraceHandler.ffst(WMQTraceHandler.java:700)
                               : com.ibm.mq.jmqi.remote.internal.RemoteFAP.jmqiGetMessage(RemoteFAP.java:5633)
                               : com.ibm.mq.jmqi.internal.JmqiTools.getMessage(JmqiTools.java:1049)
                               : com.ibm.mq.jmqi.remote.internal.RemoteFAP.jmqiGet(RemoteFAP.java:5493)
                               : com.ibm.msg.client.wmq.internal.WMQConsumerShadow.getMsg(WMQConsumerShadow.java:1169)
                               : com.ibm.msg.client.wmq.internal.WMQSyncConsumerShadow.receiveInternal(WMQSyncConsumerShadow.java:233)
                               : com.ibm.msg.client.wmq.internal.WMQConsumerShadow.receive(WMQConsumerShadow.java:922)
                               : com.ibm.msg.client.wmq.internal.WMQQueueEnumeration.retrieveMessage(WMQQueueEnumeration.java:347)
                               : com.ibm.msg.client.wmq.internal.WMQQueueEnumeration.hasMoreElements(WMQQueueEnumeration.java:269)
                               : com.ibm.msg.client.jms.internal.JmsQueueBrowserImpl$JmsEnumImpl.hasMoreElements(JmsQueueBrowserImpl.java:361)
                               : com.ibm.mq.jms.MQQueueEnumeration.hasMoreElements(MQQueueEnumeration.java:92)
                               : hermes.browser.tasks.BrowseDestinationTask.invoke(BrowseDestinationTask.java:127)
                               : hermes.browser.tasks.TaskSupport.run(TaskSupport.java:175)
                               : hermes.browser.tasks.ThreadPool.run(ThreadPool.java:170)
                               : java.lang.Thread.run(Thread.java:662)
     Caused by [3] --> Message : java.lang.UnsatisfiedLinkError: no mqjbnd in java.library.path
                         Class : class java.lang.UnsatisfiedLinkError
                         Stack : java.lang.ClassLoader.loadLibrary(ClassLoader.java:1734)
                               : java.lang.Runtime.loadLibrary0(Runtime.java:823)
                               : java.lang.System.loadLibrary(System.java:1028)
                               : com.ibm.mq.jmqi.local.LocalMQ.loadLib(LocalMQ.java:961)
                               : com.ibm.mq.jmqi.local.LocalMQ$1.run(LocalMQ.java:256)
                               : java.security.AccessController.doPrivileged(AccessController.java:-2)
                               : com.ibm.mq.jmqi.local.LocalMQ.initialise_inner(LocalMQ.java:242)
                               : com.ibm.mq.jmqi.local.LocalMQ.initialise(LocalMQ.java:208)
                               : com.ibm.mq.jmqi.local.LocalMQ.<init>(LocalMQ.java:991)
                               : com.ibm.mq.jmqi.local.LocalServer.<init>(LocalServer.java:173)
                               : sun.reflect.NativeConstructorAccessorImpl.newInstance0(NativeConstructorAccessorImpl.java:-2)
                               : sun.reflect.NativeConstructorAccessorImpl.newInstance(NativeConstructorAccessorImpl.java:39)
                               : sun.reflect.DelegatingConstructorAccessorImpl.newInstance(DelegatingConstructorAccessorImpl.java:27)
                               : java.lang.reflect.Constructor.newInstance(Constructor.java:513)
                               : com.ibm.mq.jmqi.JmqiEnvironment.getInstance(JmqiEnvironment.java:669)
                               : com.ibm.mq.jmqi.JmqiEnvironment.getMQI(JmqiEnvironment.java:605)
                               : com.ibm.mq.jmqi.JmqiEnvironment.getMQI(JmqiEnvironment.java:539)
                               : com.ibm.msg.client.wmq.factories.WMQComponent.getImplementationInfo(WMQComponent.java:175)
                               : com.ibm.msg.client.commonservices.trace.Trace.getVersion(Trace.java:1683)
                               : com.ibm.msg.client.commonservices.trace.Trace.createFFSTString(Trace.java:1641)
                               : com.ibm.msg.client.commonservices.trace.Trace.ffstInternal(Trace.java:1527)
                               : com.ibm.msg.client.commonservices.trace.Trace.ffst(Trace.java:1386)
                               : com.ibm.msg.client.wmq.common.internal.WMQTraceHandler.ffst(WMQTraceHandler.java:700)
                               : com.ibm.mq.jmqi.remote.internal.RemoteFAP.jmqiGetMessage(RemoteFAP.java:5633)
                               : com.ibm.mq.jmqi.internal.JmqiTools.getMessage(JmqiTools.java:1049)
                               : com.ibm.mq.jmqi.remote.internal.RemoteFAP.jmqiGet(RemoteFAP.java:5493)
                               : com.ibm.msg.client.wmq.internal.WMQConsumerShadow.getMsg(WMQConsumerShadow.java:1169)
                               : com.ibm.msg.client.wmq.internal.WMQSyncConsumerShadow.receiveInternal(WMQSyncConsumerShadow.java:233)
                               : com.ibm.msg.client.wmq.internal.WMQConsumerShadow.receive(WMQConsumerShadow.java:922)
                               : com.ibm.msg.client.wmq.internal.WMQQueueEnumeration.retrieveMessage(WMQQueueEnumeration.java:347)
                               : com.ibm.msg.client.wmq.internal.WMQQueueEnumeration.hasMoreElements(WMQQueueEnumeration.java:269)
                               : com.ibm.msg.client.jms.internal.JmsQueueBrowserImpl$JmsEnumImpl.hasMoreElements(JmsQueueBrowserImpl.java:361)
                               : com.ibm.mq.jms.MQQueueEnumeration.hasMoreElements(MQQueueEnumeration.java:92)
                               : hermes.browser.tasks.BrowseDestinationTask.invoke(BrowseDestinationTask.java:127)
                               : hermes.browser.tasks.TaskSupport.run(TaskSupport.java:175)
                               : hermes.browser.tasks.ThreadPool.run(ThreadPool.java:170)
                               : java.lang.Thread.run(Thread.java:662)
'

EXPLANATION:
An attempt was made to deliver an exception to the connections exception listener but a listener has not been registered

ACTION:
An exception listener must be registered with the connection to receive its exceptions
--------------------------------------------------------------------
19/12/2013 16:37:30 [Hermes ThreadPool-0] com.ibm.msg.client.wmq.internal.WMQConnection
Exception ignored as no exception listener is registered: '
                       Message : com.ibm.msg.client.jms.DetailedJMSException: JMSWMQ1107: A problem with this connection has occurred. An error has occurred with the WebSphere MQ JMS connection. Use the linked exception to determine the cause of this error.
                         Class : class com.ibm.msg.client.jms.DetailedJMSException
                         Stack : com.ibm.msg.client.wmq.common.internal.Reason.reasonToException(Reason.java:608)
                               : com.ibm.msg.client.wmq.common.internal.Reason.createException(Reason.java:236)
                               : com.ibm.msg.client.wmq.internal.WMQMessageConsumer.checkJmqiCallSuccess(WMQMessageConsumer.java:117)
                               : com.ibm.msg.client.wmq.internal.WMQConsumerShadow.getMsg(WMQConsumerShadow.java:1198)
                               : com.ibm.msg.client.wmq.internal.WMQSyncConsumerShadow.receiveInternal(WMQSyncConsumerShadow.java:233)
                               : com.ibm.msg.client.wmq.internal.WMQConsumerShadow.receive(WMQConsumerShadow.java:922)
                               : com.ibm.msg.client.wmq.internal.WMQQueueEnumeration.retrieveMessage(WMQQueueEnumeration.java:347)
                               : com.ibm.msg.client.wmq.internal.WMQQueueEnumeration.hasMoreElements(WMQQueueEnumeration.java:269)
                               : com.ibm.msg.client.jms.internal.JmsQueueBrowserImpl$JmsEnumImpl.hasMoreElements(JmsQueueBrowserImpl.java:361)
                               : com.ibm.mq.jms.MQQueueEnumeration.hasMoreElements(MQQueueEnumeration.java:92)
                               : hermes.browser.tasks.BrowseDestinationTask.invoke(BrowseDestinationTask.java:127)
                               : hermes.browser.tasks.TaskSupport.run(TaskSupport.java:175)
                               : hermes.browser.tasks.ThreadPool.run(ThreadPool.java:170)
                               : java.lang.Thread.run(Thread.java:662)
     Caused by [1] --> Message : com.ibm.mq.MQException: JMSCMQ0001: WebSphere MQ call failed with compcode '2' ('MQCC_FAILED') reason '2195' ('MQRC_UNEXPECTED_ERROR').
                         Class : class com.ibm.mq.MQException
                         Stack : com.ibm.msg.client.wmq.common.internal.Reason.createException(Reason.java:223)
                               : com.ibm.msg.client.wmq.internal.WMQMessageConsumer.checkJmqiCallSuccess(WMQMessageConsumer.java:117)
                               : com.ibm.msg.client.wmq.internal.WMQConsumerShadow.getMsg(WMQConsumerShadow.java:1198)
                               : com.ibm.msg.client.wmq.internal.WMQSyncConsumerShadow.receiveInternal(WMQSyncConsumerShadow.java:233)
                               : com.ibm.msg.client.wmq.internal.WMQConsumerShadow.receive(WMQConsumerShadow.java:922)
                               : com.ibm.msg.client.wmq.internal.WMQQueueEnumeration.retrieveMessage(WMQQueueEnumeration.java:347)
                               : com.ibm.msg.client.wmq.internal.WMQQueueEnumeration.hasMoreElements(WMQQueueEnumeration.java:269)
                               : com.ibm.msg.client.jms.internal.JmsQueueBrowserImpl$JmsEnumImpl.hasMoreElements(JmsQueueBrowserImpl.java:361)
                               : com.ibm.mq.jms.MQQueueEnumeration.hasMoreElements(MQQueueEnumeration.java:92)
                               : hermes.browser.tasks.BrowseDestinationTask.invoke(BrowseDestinationTask.java:127)
                               : hermes.browser.tasks.TaskSupport.run(TaskSupport.java:175)
                               : hermes.browser.tasks.ThreadPool.run(ThreadPool.java:170)
                               : java.lang.Thread.run(Thread.java:662)
     Caused by [2] --> Message : com.ibm.mq.jmqi.JmqiException: CC=2;RC=2495;AMQ8568: The native JNI library 'mqjbnd' was not found. [3=mqjbnd]
                         Class : class com.ibm.mq.jmqi.JmqiException
                         Stack : com.ibm.mq.jmqi.local.LocalMQ$1.run(LocalMQ.java:277)
                               : java.security.AccessController.doPrivileged(AccessController.java:-2)
                               : com.ibm.mq.jmqi.local.LocalMQ.initialise_inner(LocalMQ.java:242)
                               : com.ibm.mq.jmqi.local.LocalMQ.initialise(LocalMQ.java:208)
                               : com.ibm.mq.jmqi.local.LocalMQ.<init>(LocalMQ.java:991)
                               : com.ibm.mq.jmqi.local.LocalServer.<init>(LocalServer.java:173)
                               : sun.reflect.NativeConstructorAccessorImpl.newInstance0(NativeConstructorAccessorImpl.java:-2)
                               : sun.reflect.NativeConstructorAccessorImpl.newInstance(NativeConstructorAccessorImpl.java:39)
                               : sun.reflect.DelegatingConstructorAccessorImpl.newInstance(DelegatingConstructorAccessorImpl.java:27)
                               : java.lang.reflect.Constructor.newInstance(Constructor.java:513)
                               : com.ibm.mq.jmqi.JmqiEnvironment.getInstance(JmqiEnvironment.java:669)
                               : com.ibm.mq.jmqi.JmqiEnvironment.getMQI(JmqiEnvironment.java:605)
                               : com.ibm.mq.jmqi.JmqiEnvironment.getMQI(JmqiEnvironment.java:539)
                               : com.ibm.msg.client.wmq.factories.WMQComponent.getImplementationInfo(WMQComponent.java:175)
                               : com.ibm.msg.client.commonservices.trace.Trace.getVersion(Trace.java:1683)
                               : com.ibm.msg.client.commonservices.trace.Trace.createFFSTString(Trace.java:1641)
                               : com.ibm.msg.client.commonservices.trace.Trace.ffstInternal(Trace.java:1527)
                               : com.ibm.msg.client.commonservices.trace.Trace.ffst(Trace.java:1386)
                               : com.ibm.msg.client.wmq.common.internal.WMQTraceHandler.ffst(WMQTraceHandler.java:700)
                               : com.ibm.mq.jmqi.remote.internal.RemoteFAP.jmqiGetMessage(RemoteFAP.java:5633)
                               : com.ibm.mq.jmqi.internal.JmqiTools.getMessage(JmqiTools.java:1049)
                               : com.ibm.mq.jmqi.remote.internal.RemoteFAP.jmqiGet(RemoteFAP.java:5493)
                               : com.ibm.msg.client.wmq.internal.WMQConsumerShadow.getMsg(WMQConsumerShadow.java:1169)
                               : com.ibm.msg.client.wmq.internal.WMQSyncConsumerShadow.receiveInternal(WMQSyncConsumerShadow.java:233)
                               : com.ibm.msg.client.wmq.internal.WMQConsumerShadow.receive(WMQConsumerShadow.java:922)
                               : com.ibm.msg.client.wmq.internal.WMQQueueEnumeration.retrieveMessage(WMQQueueEnumeration.java:347)
                               : com.ibm.msg.client.wmq.internal.WMQQueueEnumeration.hasMoreElements(WMQQueueEnumeration.java:269)
                               : com.ibm.msg.client.jms.internal.JmsQueueBrowserImpl$JmsEnumImpl.hasMoreElements(JmsQueueBrowserImpl.java:361)
                               : com.ibm.mq.jms.MQQueueEnumeration.hasMoreElements(MQQueueEnumeration.java:92)
                               : hermes.browser.tasks.BrowseDestinationTask.invoke(BrowseDestinationTask.java:127)
                               : hermes.browser.tasks.TaskSupport.run(TaskSupport.java:175)
                               : hermes.browser.tasks.ThreadPool.run(ThreadPool.java:170)
                               : java.lang.Thread.run(Thread.java:662)
     Caused by [3] --> Message : java.lang.UnsatisfiedLinkError: no mqjbnd in java.library.path
                         Class : class java.lang.UnsatisfiedLinkError
                         Stack : java.lang.ClassLoader.loadLibrary(ClassLoader.java:1734)
                               : java.lang.Runtime.loadLibrary0(Runtime.java:823)
                               : java.lang.System.loadLibrary(System.java:1028)
                               : com.ibm.mq.jmqi.local.LocalMQ.loadLib(LocalMQ.java:961)
                               : com.ibm.mq.jmqi.local.LocalMQ$1.run(LocalMQ.java:256)
                               : java.security.AccessController.doPrivileged(AccessController.java:-2)
                               : com.ibm.mq.jmqi.local.LocalMQ.initialise_inner(LocalMQ.java:242)
                               : com.ibm.mq.jmqi.local.LocalMQ.initialise(LocalMQ.java:208)
                               : com.ibm.mq.jmqi.local.LocalMQ.<init>(LocalMQ.java:991)
                               : com.ibm.mq.jmqi.local.LocalServer.<init>(LocalServer.java:173)
                               : sun.reflect.NativeConstructorAccessorImpl.newInstance0(NativeConstructorAccessorImpl.java:-2)
                               : sun.reflect.NativeConstructorAccessorImpl.newInstance(NativeConstructorAccessorImpl.java:39)
                               : sun.reflect.DelegatingConstructorAccessorImpl.newInstance(DelegatingConstructorAccessorImpl.java:27)
                               : java.lang.reflect.Constructor.newInstance(Constructor.java:513)
                               : com.ibm.mq.jmqi.JmqiEnvironment.getInstance(JmqiEnvironment.java:669)
                               : com.ibm.mq.jmqi.JmqiEnvironment.getMQI(JmqiEnvironment.java:605)
                               : com.ibm.mq.jmqi.JmqiEnvironment.getMQI(JmqiEnvironment.java:539)
                               : com.ibm.msg.client.wmq.factories.WMQComponent.getImplementationInfo(WMQComponent.java:175)
                               : com.ibm.msg.client.commonservices.trace.Trace.getVersion(Trace.java:1683)
                               : com.ibm.msg.client.commonservices.trace.Trace.createFFSTString(Trace.java:1641)
                               : com.ibm.msg.client.commonservices.trace.Trace.ffstInternal(Trace.java:1527)
                               : com.ibm.msg.client.commonservices.trace.Trace.ffst(Trace.java:1386)
                               : com.ibm.msg.client.wmq.common.internal.WMQTraceHandler.ffst(WMQTraceHandler.java:700)
                               : com.ibm.mq.jmqi.remote.internal.RemoteFAP.jmqiGetMessage(RemoteFAP.java:5633)
                               : com.ibm.mq.jmqi.internal.JmqiTools.getMessage(JmqiTools.java:1049)
                               : com.ibm.mq.jmqi.remote.internal.RemoteFAP.jmqiGet(RemoteFAP.java:5493)
                               : com.ibm.msg.client.wmq.internal.WMQConsumerShadow.getMsg(WMQConsumerShadow.java:1169)
                               : com.ibm.msg.client.wmq.internal.WMQSyncConsumerShadow.receiveInternal(WMQSyncConsumerShadow.java:233)
                               : com.ibm.msg.client.wmq.internal.WMQConsumerShadow.receive(WMQConsumerShadow.java:922)
                               : com.ibm.msg.client.wmq.internal.WMQQueueEnumeration.retrieveMessage(WMQQueueEnumeration.java:347)
                               : com.ibm.msg.client.wmq.internal.WMQQueueEnumeration.hasMoreElements(WMQQueueEnumeration.java:269)
                               : com.ibm.msg.client.jms.internal.JmsQueueBrowserImpl$JmsEnumImpl.hasMoreElements(JmsQueueBrowserImpl.java:361)
                               : com.ibm.mq.jms.MQQueueEnumeration.hasMoreElements(MQQueueEnumeration.java:92)
                               : hermes.browser.tasks.BrowseDestinationTask.invoke(BrowseDestinationTask.java:127)
                               : hermes.browser.tasks.TaskSupport.run(TaskSupport.java:175)
                               : hermes.browser.tasks.ThreadPool.run(ThreadPool.java:170)
                               : java.lang.Thread.run(Thread.java:662)
'

EXPLANATION:
An attempt was made to deliver an exception to the connections exception listener but a listener has not been registered

ACTION:
An exception listener must be registered with the connection to receive its exceptions
--------------------------------------------------------------------
19/12/2013 16:44:21 [Hermes ThreadPool-3] com.ibm.msg.client.wmq.internal.WMQConnection
Exception ignored as no exception listener is registered: '
                       Message : com.ibm.msg.client.jms.DetailedJMSException: JMSWMQ1107: A problem with this connection has occurred. An error has occurred with the WebSphere MQ JMS connection. Use the linked exception to determine the cause of this error.
                         Class : class com.ibm.msg.client.jms.DetailedJMSException
                         Stack : com.ibm.msg.client.wmq.common.internal.Reason.reasonToException(Reason.java:608)
                               : com.ibm.msg.client.wmq.common.internal.Reason.createException(Reason.java:236)
                               : com.ibm.msg.client.wmq.internal.WMQMessageConsumer.checkJmqiCallSuccess(WMQMessageConsumer.java:117)
                               : com.ibm.msg.client.wmq.internal.WMQConsumerShadow.getMsg(WMQConsumerShadow.java:1198)
                               : com.ibm.msg.client.wmq.internal.WMQSyncConsumerShadow.receiveInternal(WMQSyncConsumerShadow.java:233)
                               : com.ibm.msg.client.wmq.internal.WMQConsumerShadow.receive(WMQConsumerShadow.java:922)
                               : com.ibm.msg.client.wmq.internal.WMQQueueEnumeration.retrieveMessage(WMQQueueEnumeration.java:347)
                               : com.ibm.msg.client.wmq.internal.WMQQueueEnumeration.hasMoreElements(WMQQueueEnumeration.java:269)
                               : com.ibm.msg.client.jms.internal.JmsQueueBrowserImpl$JmsEnumImpl.hasMoreElements(JmsQueueBrowserImpl.java:361)
                               : com.ibm.mq.jms.MQQueueEnumeration.hasMoreElements(MQQueueEnumeration.java:92)
                               : hermes.browser.tasks.BrowseDestinationTask.invoke(BrowseDestinationTask.java:127)
                               : hermes.browser.tasks.TaskSupport.run(TaskSupport.java:175)
                               : hermes.browser.tasks.ThreadPool.run(ThreadPool.java:170)
                               : java.lang.Thread.run(Thread.java:662)
     Caused by [1] --> Message : com.ibm.mq.MQException: JMSCMQ0001: WebSphere MQ call failed with compcode '2' ('MQCC_FAILED') reason '2195' ('MQRC_UNEXPECTED_ERROR').
                         Class : class com.ibm.mq.MQException
                         Stack : com.ibm.msg.client.wmq.common.internal.Reason.createException(Reason.java:223)
                               : com.ibm.msg.client.wmq.internal.WMQMessageConsumer.checkJmqiCallSuccess(WMQMessageConsumer.java:117)
                               : com.ibm.msg.client.wmq.internal.WMQConsumerShadow.getMsg(WMQConsumerShadow.java:1198)
                               : com.ibm.msg.client.wmq.internal.WMQSyncConsumerShadow.receiveInternal(WMQSyncConsumerShadow.java:233)
                               : com.ibm.msg.client.wmq.internal.WMQConsumerShadow.receive(WMQConsumerShadow.java:922)
                               : com.ibm.msg.client.wmq.internal.WMQQueueEnumeration.retrieveMessage(WMQQueueEnumeration.java:347)
                               : com.ibm.msg.client.wmq.internal.WMQQueueEnumeration.hasMoreElements(WMQQueueEnumeration.java:269)
                               : com.ibm.msg.client.jms.internal.JmsQueueBrowserImpl$JmsEnumImpl.hasMoreElements(JmsQueueBrowserImpl.java:361)
                               : com.ibm.mq.jms.MQQueueEnumeration.hasMoreElements(MQQueueEnumeration.java:92)
                               : hermes.browser.tasks.BrowseDestinationTask.invoke(BrowseDestinationTask.java:127)
                               : hermes.browser.tasks.TaskSupport.run(TaskSupport.java:175)
                               : hermes.browser.tasks.ThreadPool.run(ThreadPool.java:170)
                               : java.lang.Thread.run(Thread.java:662)
     Caused by [2] --> Message : com.ibm.mq.jmqi.JmqiException: CC=2;RC=2495;AMQ8568: The native JNI library 'mqjbnd' was not found. [3=mqjbnd]
                         Class : class com.ibm.mq.jmqi.JmqiException
                         Stack : com.ibm.mq.jmqi.local.LocalMQ$1.run(LocalMQ.java:277)
                               : java.security.AccessController.doPrivileged(AccessController.java:-2)
                               : com.ibm.mq.jmqi.local.LocalMQ.initialise_inner(LocalMQ.java:242)
                               : com.ibm.mq.jmqi.local.LocalMQ.initialise(LocalMQ.java:208)
                               : com.ibm.mq.jmqi.local.LocalMQ.<init>(LocalMQ.java:991)
                               : com.ibm.mq.jmqi.local.LocalServer.<init>(LocalServer.java:173)
                               : sun.reflect.NativeConstructorAccessorImpl.newInstance0(NativeConstructorAccessorImpl.java:-2)
                               : sun.reflect.NativeConstructorAccessorImpl.newInstance(NativeConstructorAccessorImpl.java:39)
                               : sun.reflect.DelegatingConstructorAccessorImpl.newInstance(DelegatingConstructorAccessorImpl.java:27)
                               : java.lang.reflect.Constructor.newInstance(Constructor.java:513)
                               : com.ibm.mq.jmqi.JmqiEnvironment.getInstance(JmqiEnvironment.java:669)
                               : com.ibm.mq.jmqi.JmqiEnvironment.getMQI(JmqiEnvironment.java:605)
                               : com.ibm.mq.jmqi.JmqiEnvironment.getMQI(JmqiEnvironment.java:539)
                               : com.ibm.msg.client.wmq.factories.WMQComponent.getImplementationInfo(WMQComponent.java:175)
                               : com.ibm.msg.client.commonservices.trace.Trace.getVersion(Trace.java:1683)
                               : com.ibm.msg.client.commonservices.trace.Trace.createFFSTString(Trace.java:1641)
                               : com.ibm.msg.client.commonservices.trace.Trace.ffstInternal(Trace.java:1527)
                               : com.ibm.msg.client.commonservices.trace.Trace.ffst(Trace.java:1386)
                               : com.ibm.msg.client.wmq.common.internal.WMQTraceHandler.ffst(WMQTraceHandler.java:700)
                               : com.ibm.mq.jmqi.remote.internal.RemoteFAP.jmqiGetMessage(RemoteFAP.java:5633)
                               : com.ibm.mq.jmqi.internal.JmqiTools.getMessage(JmqiTools.java:1049)
                               : com.ibm.mq.jmqi.remote.internal.RemoteFAP.jmqiGet(RemoteFAP.java:5493)
                               : com.ibm.msg.client.wmq.internal.WMQConsumerShadow.getMsg(WMQConsumerShadow.java:1169)
                               : com.ibm.msg.client.wmq.internal.WMQSyncConsumerShadow.receiveInternal(WMQSyncConsumerShadow.java:233)
                               : com.ibm.msg.client.wmq.internal.WMQConsumerShadow.receive(WMQConsumerShadow.java:922)
                               : com.ibm.msg.client.wmq.internal.WMQQueueEnumeration.retrieveMessage(WMQQueueEnumeration.java:347)
                               : com.ibm.msg.client.wmq.internal.WMQQueueEnumeration.hasMoreElements(WMQQueueEnumeration.java:269)
                               : com.ibm.msg.client.jms.internal.JmsQueueBrowserImpl$JmsEnumImpl.hasMoreElements(JmsQueueBrowserImpl.java:361)
                               : com.ibm.mq.jms.MQQueueEnumeration.hasMoreElements(MQQueueEnumeration.java:92)
                               : hermes.browser.tasks.BrowseDestinationTask.invoke(BrowseDestinationTask.java:127)
                               : hermes.browser.tasks.TaskSupport.run(TaskSupport.java:175)
                               : hermes.browser.tasks.ThreadPool.run(ThreadPool.java:170)
                               : java.lang.Thread.run(Thread.java:662)
     Caused by [3] --> Message : java.lang.UnsatisfiedLinkError: no mqjbnd in java.library.path
                         Class : class java.lang.UnsatisfiedLinkError
                         Stack : java.lang.ClassLoader.loadLibrary(ClassLoader.java:1734)
                               : java.lang.Runtime.loadLibrary0(Runtime.java:823)
                               : java.lang.System.loadLibrary(System.java:1028)
                               : com.ibm.mq.jmqi.local.LocalMQ.loadLib(LocalMQ.java:961)
                               : com.ibm.mq.jmqi.local.LocalMQ$1.run(LocalMQ.java:256)
                               : java.security.AccessController.doPrivileged(AccessController.java:-2)
                               : com.ibm.mq.jmqi.local.LocalMQ.initialise_inner(LocalMQ.java:242)
                               : com.ibm.mq.jmqi.local.LocalMQ.initialise(LocalMQ.java:208)
                               : com.ibm.mq.jmqi.local.LocalMQ.<init>(LocalMQ.java:991)
                               : com.ibm.mq.jmqi.local.LocalServer.<init>(LocalServer.java:173)
                               : sun.reflect.NativeConstructorAccessorImpl.newInstance0(NativeConstructorAccessorImpl.java:-2)
                               : sun.reflect.NativeConstructorAccessorImpl.newInstance(NativeConstructorAccessorImpl.java:39)
                               : sun.reflect.DelegatingConstructorAccessorImpl.newInstance(DelegatingConstructorAccessorImpl.java:27)
                               : java.lang.reflect.Constructor.newInstance(Constructor.java:513)
                               : com.ibm.mq.jmqi.JmqiEnvironment.getInstance(JmqiEnvironment.java:669)
                               : com.ibm.mq.jmqi.JmqiEnvironment.getMQI(JmqiEnvironment.java:605)
                               : com.ibm.mq.jmqi.JmqiEnvironment.getMQI(JmqiEnvironment.java:539)
                               : com.ibm.msg.client.wmq.factories.WMQComponent.getImplementationInfo(WMQComponent.java:175)
                               : com.ibm.msg.client.commonservices.trace.Trace.getVersion(Trace.java:1683)
                               : com.ibm.msg.client.commonservices.trace.Trace.createFFSTString(Trace.java:1641)
                               : com.ibm.msg.client.commonservices.trace.Trace.ffstInternal(Trace.java:1527)
                               : com.ibm.msg.client.commonservices.trace.Trace.ffst(Trace.java:1386)
                               : com.ibm.msg.client.wmq.common.internal.WMQTraceHandler.ffst(WMQTraceHandler.java:700)
                               : com.ibm.mq.jmqi.remote.internal.RemoteFAP.jmqiGetMessage(RemoteFAP.java:5633)
                               : com.ibm.mq.jmqi.internal.JmqiTools.getMessage(JmqiTools.java:1049)
                               : com.ibm.mq.jmqi.remote.internal.RemoteFAP.jmqiGet(RemoteFAP.java:5493)
                               : com.ibm.msg.client.wmq.internal.WMQConsumerShadow.getMsg(WMQConsumerShadow.java:1169)
                               : com.ibm.msg.client.wmq.internal.WMQSyncConsumerShadow.receiveInternal(WMQSyncConsumerShadow.java:233)
                               : com.ibm.msg.client.wmq.internal.WMQConsumerShadow.receive(WMQConsumerShadow.java:922)
                               : com.ibm.msg.client.wmq.internal.WMQQueueEnumeration.retrieveMessage(WMQQueueEnumeration.java:347)
                               : com.ibm.msg.client.wmq.internal.WMQQueueEnumeration.hasMoreElements(WMQQueueEnumeration.java:269)
                               : com.ibm.msg.client.jms.internal.JmsQueueBrowserImpl$JmsEnumImpl.hasMoreElements(JmsQueueBrowserImpl.java:361)
                               : com.ibm.mq.jms.MQQueueEnumeration.hasMoreElements(MQQueueEnumeration.java:92)
                               : hermes.browser.tasks.BrowseDestinationTask.invoke(BrowseDestinationTask.java:127)
                               : hermes.browser.tasks.TaskSupport.run(TaskSupport.java:175)
                               : hermes.browser.tasks.ThreadPool.run(ThreadPool.java:170)
                               : java.lang.Thread.run(Thread.java:662)
'

EXPLANATION:
An attempt was made to deliver an exception to the connections exception listener but a listener has not been registered

ACTION:
An exception listener must be registered with the connection to receive its exceptions
--------------------------------------------------------------------
11/02/2014 14:04:50 [Hermes ThreadPool-3] com.ibm.msg.client.wmq.internal.WMQConnection
Exception ignored as no exception listener is registered: '
                       Message : com.ibm.msg.client.jms.DetailedJMSException: JMSWMQ1107: A problem with this connection has occurred. An error has occurred with the WebSphere MQ JMS connection. Use the linked exception to determine the cause of this error.
                         Class : class com.ibm.msg.client.jms.DetailedJMSException
                         Stack : com.ibm.msg.client.wmq.common.internal.Reason.reasonToException(Reason.java:608)
                               : com.ibm.msg.client.wmq.common.internal.Reason.createException(Reason.java:236)
                               : com.ibm.msg.client.wmq.internal.WMQMessageConsumer.checkJmqiCallSuccess(WMQMessageConsumer.java:117)
                               : com.ibm.msg.client.wmq.internal.WMQConsumerShadow.getMsg(WMQConsumerShadow.java:1198)
                               : com.ibm.msg.client.wmq.internal.WMQSyncConsumerShadow.receiveInternal(WMQSyncConsumerShadow.java:233)
                               : com.ibm.msg.client.wmq.internal.WMQConsumerShadow.receive(WMQConsumerShadow.java:922)
                               : com.ibm.msg.client.wmq.internal.WMQQueueEnumeration.retrieveMessage(WMQQueueEnumeration.java:347)
                               : com.ibm.msg.client.wmq.internal.WMQQueueEnumeration.hasMoreElements(WMQQueueEnumeration.java:269)
                               : com.ibm.msg.client.jms.internal.JmsQueueBrowserImpl$JmsEnumImpl.hasMoreElements(JmsQueueBrowserImpl.java:361)
                               : com.ibm.mq.jms.MQQueueEnumeration.hasMoreElements(MQQueueEnumeration.java:92)
                               : hermes.browser.tasks.BrowseDestinationTask.invoke(BrowseDestinationTask.java:127)
                               : hermes.browser.tasks.TaskSupport.run(TaskSupport.java:175)
                               : hermes.browser.tasks.ThreadPool.run(ThreadPool.java:170)
                               : java.lang.Thread.run(Thread.java:662)
     Caused by [1] --> Message : com.ibm.mq.MQException: JMSCMQ0001: WebSphere MQ call failed with compcode '2' ('MQCC_FAILED') reason '2195' ('MQRC_UNEXPECTED_ERROR').
                         Class : class com.ibm.mq.MQException
                         Stack : com.ibm.msg.client.wmq.common.internal.Reason.createException(Reason.java:223)
                               : com.ibm.msg.client.wmq.internal.WMQMessageConsumer.checkJmqiCallSuccess(WMQMessageConsumer.java:117)
                               : com.ibm.msg.client.wmq.internal.WMQConsumerShadow.getMsg(WMQConsumerShadow.java:1198)
                               : com.ibm.msg.client.wmq.internal.WMQSyncConsumerShadow.receiveInternal(WMQSyncConsumerShadow.java:233)
                               : com.ibm.msg.client.wmq.internal.WMQConsumerShadow.receive(WMQConsumerShadow.java:922)
                               : com.ibm.msg.client.wmq.internal.WMQQueueEnumeration.retrieveMessage(WMQQueueEnumeration.java:347)
                               : com.ibm.msg.client.wmq.internal.WMQQueueEnumeration.hasMoreElements(WMQQueueEnumeration.java:269)
                               : com.ibm.msg.client.jms.internal.JmsQueueBrowserImpl$JmsEnumImpl.hasMoreElements(JmsQueueBrowserImpl.java:361)
                               : com.ibm.mq.jms.MQQueueEnumeration.hasMoreElements(MQQueueEnumeration.java:92)
                               : hermes.browser.tasks.BrowseDestinationTask.invoke(BrowseDestinationTask.java:127)
                               : hermes.browser.tasks.TaskSupport.run(TaskSupport.java:175)
                               : hermes.browser.tasks.ThreadPool.run(ThreadPool.java:170)
                               : java.lang.Thread.run(Thread.java:662)
     Caused by [2] --> Message : com.ibm.mq.jmqi.JmqiException: CC=2;RC=2495;AMQ8568: The native JNI library 'mqjbnd' was not found. [3=mqjbnd]
                         Class : class com.ibm.mq.jmqi.JmqiException
                         Stack : com.ibm.mq.jmqi.local.LocalMQ$1.run(LocalMQ.java:277)
                               : java.security.AccessController.doPrivileged(AccessController.java:-2)
                               : com.ibm.mq.jmqi.local.LocalMQ.initialise_inner(LocalMQ.java:242)
                               : com.ibm.mq.jmqi.local.LocalMQ.initialise(LocalMQ.java:208)
                               : com.ibm.mq.jmqi.local.LocalMQ.<init>(LocalMQ.java:991)
                               : com.ibm.mq.jmqi.local.LocalServer.<init>(LocalServer.java:173)
                               : sun.reflect.NativeConstructorAccessorImpl.newInstance0(NativeConstructorAccessorImpl.java:-2)
                               : sun.reflect.NativeConstructorAccessorImpl.newInstance(NativeConstructorAccessorImpl.java:39)
                               : sun.reflect.DelegatingConstructorAccessorImpl.newInstance(DelegatingConstructorAccessorImpl.java:27)
                               : java.lang.reflect.Constructor.newInstance(Constructor.java:513)
                               : com.ibm.mq.jmqi.JmqiEnvironment.getInstance(JmqiEnvironment.java:669)
                               : com.ibm.mq.jmqi.JmqiEnvironment.getMQI(JmqiEnvironment.java:605)
                               : com.ibm.mq.jmqi.JmqiEnvironment.getMQI(JmqiEnvironment.java:539)
                               : com.ibm.msg.client.wmq.factories.WMQComponent.getImplementationInfo(WMQComponent.java:175)
                               : com.ibm.msg.client.commonservices.trace.Trace.getVersion(Trace.java:1683)
                               : com.ibm.msg.client.commonservices.trace.Trace.createFFSTString(Trace.java:1641)
                               : com.ibm.msg.client.commonservices.trace.Trace.ffstInternal(Trace.java:1527)
                               : com.ibm.msg.client.commonservices.trace.Trace.ffst(Trace.java:1386)
                               : com.ibm.msg.client.wmq.common.internal.WMQTraceHandler.ffst(WMQTraceHandler.java:700)
                               : com.ibm.mq.jmqi.remote.internal.RemoteFAP.jmqiGetMessage(RemoteFAP.java:5633)
                               : com.ibm.mq.jmqi.internal.JmqiTools.getMessage(JmqiTools.java:1049)
                               : com.ibm.mq.jmqi.remote.internal.RemoteFAP.jmqiGet(RemoteFAP.java:5493)
                               : com.ibm.msg.client.wmq.internal.WMQConsumerShadow.getMsg(WMQConsumerShadow.java:1169)
                               : com.ibm.msg.client.wmq.internal.WMQSyncConsumerShadow.receiveInternal(WMQSyncConsumerShadow.java:233)
                               : com.ibm.msg.client.wmq.internal.WMQConsumerShadow.receive(WMQConsumerShadow.java:922)
                               : com.ibm.msg.client.wmq.internal.WMQQueueEnumeration.retrieveMessage(WMQQueueEnumeration.java:347)
                               : com.ibm.msg.client.wmq.internal.WMQQueueEnumeration.hasMoreElements(WMQQueueEnumeration.java:269)
                               : com.ibm.msg.client.jms.internal.JmsQueueBrowserImpl$JmsEnumImpl.hasMoreElements(JmsQueueBrowserImpl.java:361)
                               : com.ibm.mq.jms.MQQueueEnumeration.hasMoreElements(MQQueueEnumeration.java:92)
                               : hermes.browser.tasks.BrowseDestinationTask.invoke(BrowseDestinationTask.java:127)
                               : hermes.browser.tasks.TaskSupport.run(TaskSupport.java:175)
                               : hermes.browser.tasks.ThreadPool.run(ThreadPool.java:170)
                               : java.lang.Thread.run(Thread.java:662)
     Caused by [3] --> Message : java.lang.UnsatisfiedLinkError: no mqjbnd in java.library.path
                         Class : class java.lang.UnsatisfiedLinkError
                         Stack : java.lang.ClassLoader.loadLibrary(ClassLoader.java:1734)
                               : java.lang.Runtime.loadLibrary0(Runtime.java:823)
                               : java.lang.System.loadLibrary(System.java:1028)
                               : com.ibm.mq.jmqi.local.LocalMQ.loadLib(LocalMQ.java:961)
                               : com.ibm.mq.jmqi.local.LocalMQ$1.run(LocalMQ.java:256)
                               : java.security.AccessController.doPrivileged(AccessController.java:-2)
                               : com.ibm.mq.jmqi.local.LocalMQ.initialise_inner(LocalMQ.java:242)
                               : com.ibm.mq.jmqi.local.LocalMQ.initialise(LocalMQ.java:208)
                               : com.ibm.mq.jmqi.local.LocalMQ.<init>(LocalMQ.java:991)
                               : com.ibm.mq.jmqi.local.LocalServer.<init>(LocalServer.java:173)
                               : sun.reflect.NativeConstructorAccessorImpl.newInstance0(NativeConstructorAccessorImpl.java:-2)
                               : sun.reflect.NativeConstructorAccessorImpl.newInstance(NativeConstructorAccessorImpl.java:39)
                               : sun.reflect.DelegatingConstructorAccessorImpl.newInstance(DelegatingConstructorAccessorImpl.java:27)
                               : java.lang.reflect.Constructor.newInstance(Constructor.java:513)
                               : com.ibm.mq.jmqi.JmqiEnvironment.getInstance(JmqiEnvironment.java:669)
                               : com.ibm.mq.jmqi.JmqiEnvironment.getMQI(JmqiEnvironment.java:605)
                               : com.ibm.mq.jmqi.JmqiEnvironment.getMQI(JmqiEnvironment.java:539)
                               : com.ibm.msg.client.wmq.factories.WMQComponent.getImplementationInfo(WMQComponent.java:175)
                               : com.ibm.msg.client.commonservices.trace.Trace.getVersion(Trace.java:1683)
                               : com.ibm.msg.client.commonservices.trace.Trace.createFFSTString(Trace.java:1641)
                               : com.ibm.msg.client.commonservices.trace.Trace.ffstInternal(Trace.java:1527)
                               : com.ibm.msg.client.commonservices.trace.Trace.ffst(Trace.java:1386)
                               : com.ibm.msg.client.wmq.common.internal.WMQTraceHandler.ffst(WMQTraceHandler.java:700)
                               : com.ibm.mq.jmqi.remote.internal.RemoteFAP.jmqiGetMessage(RemoteFAP.java:5633)
                               : com.ibm.mq.jmqi.internal.JmqiTools.getMessage(JmqiTools.java:1049)
                               : com.ibm.mq.jmqi.remote.internal.RemoteFAP.jmqiGet(RemoteFAP.java:5493)
                               : com.ibm.msg.client.wmq.internal.WMQConsumerShadow.getMsg(WMQConsumerShadow.java:1169)
                               : com.ibm.msg.client.wmq.internal.WMQSyncConsumerShadow.receiveInternal(WMQSyncConsumerShadow.java:233)
                               : com.ibm.msg.client.wmq.internal.WMQConsumerShadow.receive(WMQConsumerShadow.java:922)
                               : com.ibm.msg.client.wmq.internal.WMQQueueEnumeration.retrieveMessage(WMQQueueEnumeration.java:347)
                               : com.ibm.msg.client.wmq.internal.WMQQueueEnumeration.hasMoreElements(WMQQueueEnumeration.java:269)
                               : com.ibm.msg.client.jms.internal.JmsQueueBrowserImpl$JmsEnumImpl.hasMoreElements(JmsQueueBrowserImpl.java:361)
                               : com.ibm.mq.jms.MQQueueEnumeration.hasMoreElements(MQQueueEnumeration.java:92)
                               : hermes.browser.tasks.BrowseDestinationTask.invoke(BrowseDestinationTask.java:127)
                               : hermes.browser.tasks.TaskSupport.run(TaskSupport.java:175)
                               : hermes.browser.tasks.ThreadPool.run(ThreadPool.java:170)
                               : java.lang.Thread.run(Thread.java:662)
'

EXPLANATION:
An attempt was made to deliver an exception to the connections exception listener but a listener has not been registered

ACTION:
An exception listener must be registered with the connection to receive its exceptions
--------------------------------------------------------------------
